<?xml version="1.0" encoding="UTF-8"?>
<testsuite xmlns:xsi="http://www.w3.org/2001/XMLSchema-instance" xsi:noNamespaceSchemaLocation="https://maven.apache.org/surefire/maven-surefire-plugin/xsd/surefire-test-report-3.0.xsd" version="3.0" name="com.example.nprimos.NprimosApplicationTests" time="3.987" tests="1" errors="0" skipped="0" failures="0">
  <properties>
[...]
</properties>
  <testcase name="contextLoads" classname="com.example.nprimos.NprimosApplicationTests" time="1.123">
    <system-out><![CDATA[18:18:07.480 [main] INFO org.springframework.test.context.support.AnnotationConfigContextLoaderUtils -- Could not detect default configuration classes for test class [com.example.nprimos.NprimosApplicationTests]: NprimosApplicationTests does not declare any static, non-private, non-final, nested classes annotated with @Configuration.
18:18:07.626 [main] INFO org.springframework.boot.test.context.SpringBootTestContextBootstrapper -- Found @SpringBootConfiguration com.example.nprimos.NprimosApplication for test class com.example.nprimos.NprimosApplicationTests
18:18:07.869 [main] INFO org.springframework.boot.devtools.restart.RestartApplicationListener -- Restart disabled due to context in which it is running

  .   ____          _            __ _ _
 /\\ / ___'_ __ _ _(_)_ __  __ _ \ \ \ \
( ( )\___ | '_ | '_| | '_ \/ _` | \ \ \ \
 \\/  ___)| |_)| | | | | || (_| |  ) ) ) )
  '  |____| .__|_| |_|_| |_\__, | / / / /
 =========|_|==============|___/=/_/_/_/
 :: Spring Boot ::                (v3.2.5)

2024-04-19T18:18:08.289-03:00  INFO 5620 --- [nprimos] [           main] c.e.nprimos.NprimosApplicationTests      : Starting NprimosApplicationTests using Java 21.0.1 with PID 5620 (started by felip in C:\Users\felip\Documents\Prog\Repos\Desafio_Bridge\nprimos)
2024-04-19T18:18:08.291-03:00  INFO 5620 --- [nprimos] [           main] c.e.nprimos.NprimosApplicationTests      : No active profile set, falling back to 1 default profile: "default"
2024-04-19T18:18:10.059-03:00  INFO 5620 --- [nprimos] [           main] c.e.nprimos.NprimosApplicationTests      : Started NprimosApplicationTests in 2.224 seconds (process running for 3.591)
]]></system-out>
    <system-err><![CDATA[WARNING: A Java agent has been loaded dynamically (C:\Users\felip\.m2\repository\net\bytebuddy\byte-buddy-agent\1.14.13\byte-buddy-agent-1.14.13.jar)
WARNING: If a serviceability tool is in use, please run with -XX:+EnableDynamicAgentLoading to hide this warning
WARNING: If a serviceability tool is not in use, please run with -Djdk.instrument.traceUsage for more information
WARNING: Dynamic loading of agents will be disallowed by default in a future release
]]></system-err>
  </testcase>
</testsuite>